빌드 시작: 2018-10-25 오후 3:27:22
     1>2 노드의 "D:\2018\iputil\180913_Code_v1_0_0_32\IPCamSearch\IPCamSearch.vcxproj" 프로젝트(Build 대상)입니다.
     1>ClCompile:
         C:\Program Files (x86)\Microsoft Visual Studio 12.0\VC\bin\CL.exe /c /I.\ /ID:\2018\iputil\180913_Code_v1_0_0_32\IPCamSearch\SubDlg\ /ZI /nologo /W3 /WX- /sdl /Od /Oy- /D WIN32 /D _WINDOWS /D _WINSOCK_DEPRECATED_NO_WARNINGS /D _CRT_SECURE_NO_WARNINGS /D _DEBUG /D _UNICODE /D UNICODE /D _AFXDLL /Gm /EHsc /RTC1 /MDd /GS /fp:precise /Zc:wchar_t /Zc:forScope /Yc"stdafx.h" /Fp"obj\d\IPCamSearch_d.pch" /Fo"obj\d\\" /Fd"obj\d\vc120.pdb" /Gd /TP /analyze- /errorReport:prompt stdafx.cpp
         stdafx.cpp
         C:\Program Files (x86)\Microsoft Visual Studio 12.0\VC\bin\CL.exe /c /I.\ /ID:\2018\iputil\180913_Code_v1_0_0_32\IPCamSearch\SubDlg\ /ZI /nologo /W3 /WX- /sdl /Od /Oy- /D WIN32 /D _WINDOWS /D _WINSOCK_DEPRECATED_NO_WARNINGS /D _CRT_SECURE_NO_WARNINGS /D _DEBUG /D _UNICODE /D UNICODE /D _AFXDLL /Gm /EHsc /RTC1 /MDd /GS /fp:precise /Zc:wchar_t /Zc:forScope /Yu"stdafx.h" /Fp"obj\d\IPCamSearch_d.pch" /Fo"obj\d\\" /Fd"obj\d\vc120.pdb" /Gd /TP /analyze- /errorReport:prompt IPCamSearch.cpp IPCamSearchDlg.cpp KOUpdater.cpp SubDlg\IpChangeDlg.cpp SubDlg\MacChangeDlg.cpp SubDlg\NotifyDlg.cpp SubDlg\OXMaskedEdit.cpp SubDlg\SelectDlg.cpp
         SelectDlg.cpp
         OXMaskedEdit.cpp
         NotifyDlg.cpp
         MacChangeDlg.cpp
         IpChangeDlg.cpp
         KOUpdater.cpp
     1>d:\2018\iputil\180913_code_v1_0_0_32\ipcamsearch\koupdater.cpp(327): warning C4244: '=' : 'ULONGLONG'에서 'int'(으)로 변환하면서 데이터가 손실될 수 있습니다.
         IPCamSearchDlg.cpp
         IPCamSearch.cpp
         코드를 생성하고 있습니다...
       ResourceCompile:
         C:\Program Files (x86)\Windows Kits\8.1\bin\x86\rc.exe /D _DEBUG /D _UNICODE /D UNICODE /D _AFXDLL /l"0x0409" /Iobj\d\ /nologo /fo"obj\d\IPCamSearch.res" IPCamSearch.rc 
       Link:
         C:\Program Files (x86)\Microsoft Visual Studio 12.0\VC\bin\link.exe /ERRORREPORT:PROMPT /OUT:"D:\2018\iputil\180913_Code_v1_0_0_32\bin\IPCamSearch_d.exe" /INCREMENTAL /NOLOGO /LIBPATH:"C:\Program Files (x86)\Visual Leak Detector\lib\Win32" /MANIFEST /MANIFESTUAC:"level='asInvoker' uiAccess='false'" /manifest:embed /DEBUG /PDB:"D:\2018\iputil\180913_Code_v1_0_0_32\bin\IPCamSearch_d.pdb" /SUBSYSTEM:WINDOWS /TLBID:1 /ENTRY:"wWinMainCRTStartup" /DYNAMICBASE /NXCOMPAT /IMPLIB:"D:\2018\iputil\180913_Code_v1_0_0_32\bin\IPCamSearch_d.lib" /MACHINE:X86 obj\d\IPCamSearch.res
         obj\d\IPCamSearch.obj
         obj\d\IPCamSearchDlg.obj
         obj\d\KOUpdater.obj
         obj\d\stdafx.obj
         obj\d\IpChangeDlg.obj
         obj\d\MacChangeDlg.obj
         obj\d\NotifyDlg.obj
         obj\d\OXMaskedEdit.obj
         obj\d\SelectDlg.obj
         IPCamSearch.vcxproj -> D:\2018\iputil\180913_Code_v1_0_0_32\bin\IPCamSearch_d.exe
     1>"D:\2018\iputil\180913_Code_v1_0_0_32\IPCamSearch\IPCamSearch.vcxproj" 프로젝트를 빌드했습니다(Build 대상).

빌드했습니다.

경과 시간: 00:00:09.41
