D:\EN672A\IP_UTILS\IPCAMSEARCH\BIN\IPCAMSEARCH_D.EXE
D:\EN672A\IP_UTILS\IPCAMSEARCH\BIN\IPCAMSEARCH_D.ILK
D:\EN672A\IP_UTILS\IPCAMSEARCH\BIN\IPCAMSEARCH_D.PDB
D:\EN672A\ip_utils\IPCamSearch\IPCamSearch\obj\d\cl.command.1.tlog
D:\EN672A\ip_utils\IPCamSearch\IPCamSearch\obj\d\CL.read.1.tlog
D:\EN672A\ip_utils\IPCamSearch\IPCamSearch\obj\d\CL.write.1.tlog
D:\EN672A\IP_UTILS\IPCAMSEARCH\IPCAMSEARCH\OBJ\D\IPCAMSEARCH.OBJ
D:\EN672A\IP_UTILS\IPCAMSEARCH\IPCAMSEARCH\OBJ\D\IPCAMSEARCH.RES
D:\EN672A\ip_utils\IPCamSearch\IPCamSearch\obj\d\IPCamSearch.write.1.tlog
D:\EN672A\IP_UTILS\IPCAMSEARCH\IPCAMSEARCH\OBJ\D\IPCAMSEARCH_D.EXE.EMBED.MANIFEST
D:\EN672A\IP_UTILS\IPCAMSEARCH\IPCAMSEARCH\OBJ\D\IPCAMSEARCH_D.EXE.EMBED.MANIFEST.RES
D:\EN672A\IP_UTILS\IPCAMSEARCH\IPCAMSEARCH\OBJ\D\IPCAMSEARCH_D.EXE.INTERMEDIATE.MANIFEST
D:\EN672A\IP_UTILS\IPCAMSEARCH\IPCAMSEARCH\OBJ\D\IPCAMSEARCH_D.PCH
D:\EN672A\ip_utils\IPCamSearch\IPCamSearch\obj\d\IPCamSearch_d_manifest.rc
D:\EN672A\IP_UTILS\IPCAMSEARCH\IPCAMSEARCH\OBJ\D\IPCAMSEARCHDLG.OBJ
D:\EN672A\IP_UTILS\IPCAMSEARCH\IPCAMSEARCH\OBJ\D\IPCHANGEDLG.OBJ
D:\EN672A\IP_UTILS\IPCAMSEARCH\IPCAMSEARCH\OBJ\D\KOUPDATER.OBJ
D:\EN672A\ip_utils\IPCamSearch\IPCamSearch\obj\d\link.command.1.tlog
D:\EN672A\ip_utils\IPCamSearch\IPCamSearch\obj\d\link.read.1.tlog
D:\EN672A\ip_utils\IPCamSearch\IPCamSearch\obj\d\link.write.1.tlog
D:\EN672A\ip_utils\IPCamSearch\IPCamSearch\obj\d\link-cvtres.read.1.tlog
D:\EN672A\ip_utils\IPCamSearch\IPCamSearch\obj\d\link-cvtres.write.1.tlog
D:\EN672A\IP_UTILS\IPCAMSEARCH\IPCAMSEARCH\OBJ\D\MACCHANGEDLG.OBJ
D:\EN672A\ip_utils\IPCamSearch\IPCamSearch\obj\d\mt.command.1.tlog
D:\EN672A\ip_utils\IPCamSearch\IPCamSearch\obj\d\mt.read.1.tlog
D:\EN672A\ip_utils\IPCamSearch\IPCamSearch\obj\d\mt.write.1.tlog
D:\EN672A\IP_UTILS\IPCAMSEARCH\IPCAMSEARCH\OBJ\D\NOTIFYDLG.OBJ
D:\EN672A\IP_UTILS\IPCAMSEARCH\IPCAMSEARCH\OBJ\D\OXMASKEDEDIT.OBJ
D:\EN672A\ip_utils\IPCamSearch\IPCamSearch\obj\d\rc.command.1.tlog
D:\EN672A\ip_utils\IPCamSearch\IPCamSearch\obj\d\rc.read.1.tlog
D:\EN672A\ip_utils\IPCamSearch\IPCamSearch\obj\d\rc.write.1.tlog
D:\EN672A\IP_UTILS\IPCAMSEARCH\IPCAMSEARCH\OBJ\D\SELECTDLG.OBJ
D:\EN672A\IP_UTILS\IPCAMSEARCH\IPCAMSEARCH\OBJ\D\STDAFX.OBJ
D:\EN672A\ip_utils\IPCamSearch\IPCamSearch\obj\d\vc100.idb
D:\EN672A\IP_UTILS\IPCAMSEARCH\IPCAMSEARCH\OBJ\D\VC100.PDB
