빌드 시작: 2018-09-13 오후 4:22:00
     1>2 노드의 "D:\2018\iputil\171012_Code_v1_0_0_32\IPCamSearch\IPCamSearch.vcxproj" 프로젝트(Build 대상)입니다.
     1>ClCompile:
         C:\Program Files (x86)\Microsoft Visual Studio 12.0\VC\bin\CL.exe /c /I.\ /ID:\2018\iputil\171012_Code_v1_0_0_32\IPCamSearch\SubDlg\ /I"C:\Program Files (x86)\Visual Leak Detector\include" /Zi /nologo /W3 /WX- /sdl /O2 /Oi /Oy- /GL /D WIN32 /D _WINDOWS /D _WINSOCK_DEPRECATED_NO_WARNINGS /D _CRT_SECURE_NO_WARNINGS /D NDEBUG /D _UNICODE /D UNICODE /Gm- /EHsc /MT /GS /Gy /fp:precise /Zc:wchar_t /Zc:forScope /Yc"stdafx.h" /Fp"obj\r\IPCamSearch.pch" /Fo"obj\r\\" /Fd"obj\r\vc120.pdb" /Gd /TP /analyze- /errorReport:prompt stdafx.cpp
         stdafx.cpp
         C:\Program Files (x86)\Microsoft Visual Studio 12.0\VC\bin\CL.exe /c /I.\ /ID:\2018\iputil\171012_Code_v1_0_0_32\IPCamSearch\SubDlg\ /I"C:\Program Files (x86)\Visual Leak Detector\include" /Zi /nologo /W3 /WX- /sdl /O2 /Oi /Oy- /GL /D WIN32 /D _WINDOWS /D _WINSOCK_DEPRECATED_NO_WARNINGS /D _CRT_SECURE_NO_WARNINGS /D NDEBUG /D _UNICODE /D UNICODE /Gm- /EHsc /MT /GS /Gy /fp:precise /Zc:wchar_t /Zc:forScope /Yu"stdafx.h" /Fp"obj\r\IPCamSearch.pch" /Fo"obj\r\\" /Fd"obj\r\vc120.pdb" /Gd /TP /analyze- /errorReport:prompt IPCamSearch.cpp IPCamSearchDlg.cpp KOUpdater.cpp SubDlg\IpChangeDlg.cpp SubDlg\MacChangeDlg.cpp SubDlg\NotifyDlg.cpp SubDlg\OXMaskedEdit.cpp SubDlg\SelectDlg.cpp
         IPCamSearch.cpp
         IPCamSearchDlg.cpp
         KOUpdater.cpp
     1>KOUpdater.cpp(327): warning C4244: '=' : 'ULONGLONG'에서 'int'(으)로 변환하면서 데이터가 손실될 수 있습니다.
         IpChangeDlg.cpp
         MacChangeDlg.cpp
         NotifyDlg.cpp
         OXMaskedEdit.cpp
         SelectDlg.cpp
       Link:
         C:\Program Files (x86)\Microsoft Visual Studio 12.0\VC\bin\link.exe /ERRORREPORT:PROMPT /OUT:"D:\2018\iputil\171012_Code_v1_0_0_32\bin\IPCamSearch.exe" /INCREMENTAL:NO /NOLOGO /LIBPATH:"C:\Program Files (x86)\Visual Leak Detector\lib\Win32" /MANIFEST /MANIFESTUAC:"level='asInvoker' uiAccess='false'" /manifest:embed /DEBUG /PDB:"D:\2018\iputil\171012_Code_v1_0_0_32\bin\IPCamSearch.pdb" /SUBSYSTEM:WINDOWS /OPT:REF /OPT:ICF /LTCG /TLBID:1 /ENTRY:"wWinMainCRTStartup" /DYNAMICBASE /NXCOMPAT /IMPLIB:"D:\2018\iputil\171012_Code_v1_0_0_32\bin\IPCamSearch.lib" /MACHINE:X86 /SAFESEH obj\r\IPCamSearch.res
         obj\r\IPCamSearch.obj
         obj\r\IPCamSearchDlg.obj
         obj\r\KOUpdater.obj
         obj\r\stdafx.obj
         obj\r\IpChangeDlg.obj
         obj\r\MacChangeDlg.obj
         obj\r\NotifyDlg.obj
         obj\r\OXMaskedEdit.obj
         obj\r\SelectDlg.obj
         코드를 생성하고 있습니다.
         코드를 생성했습니다.
         IPCamSearch.vcxproj -> D:\2018\iputil\171012_Code_v1_0_0_32\bin\IPCamSearch.exe
     1>"D:\2018\iputil\171012_Code_v1_0_0_32\IPCamSearch\IPCamSearch.vcxproj" 프로젝트를 빌드했습니다(Build 대상).

빌드했습니다.

경과 시간: 00:00:09.52
